<?xml version="1.0" encoding="UTF-8"?>
<!-- Generated by org.testng.reporters.JUnitXMLReporter -->
<testsuite hostname="wouter-PC" name="Default test" tests="6" failures="0" timestamp="12 Jan 2014 23:47:16 GMT" time="45.808" errors="0">
  <testcase name="Login" time="11.918" classname="testsuite.LoginTest"/>
  <testcase name="LoginValidations" time="6.954" classname="testsuite.LoginTest"/>
  <testcase name="LoginValidations" time="6.891" classname="testsuite.LoginTest"/>
  <testcase name="LoginValidations" time="6.667" classname="testsuite.LoginTest"/>
  <testcase name="LoginValidations" time="6.779" classname="testsuite.LoginTest"/>
  <testcase name="LoginValidations" time="6.569" classname="testsuite.LoginTest"/>
</testsuite> <!-- Default test -->
