<?xml version="1.0" encoding="UTF-8"?>
<testng-results skipped="0" failed="0" total="6" passed="6">
  <reporter-output>
  </reporter-output>
  <suite name="Default suite" duration-ms="45808" started-at="2014-01-12T23:46:30Z" finished-at="2014-01-12T23:47:16Z">
    <groups>
    </groups>
    <test name="Default test" duration-ms="45808" started-at="2014-01-12T23:46:30Z" finished-at="2014-01-12T23:47:16Z">
      <class name="testsuite.LoginTest">
        <test-method status="PASS" signature="InitTest()[pri:0, instance:testsuite.LoginTest@26ef028b]" name="InitTest" is-config="true" duration-ms="22" started-at="2014-01-13T00:46:30Z" finished-at="2014-01-13T00:46:30Z">
          <reporter-output>
          </reporter-output>
        </test-method> <!-- InitTest -->
        <test-method status="PASS" signature="Login()[pri:0, instance:testsuite.LoginTest@26ef028b]" name="Login" duration-ms="11918" started-at="2014-01-13T00:46:31Z" finished-at="2014-01-13T00:46:42Z">
          <reporter-output>
          </reporter-output>
        </test-method> <!-- Login -->
        <test-method status="PASS" signature="LoginValidations(java.lang.String, java.lang.String, java.lang.String, java.lang.String, java.lang.String)[pri:0, instance:testsuite.LoginTest@26ef028b]" name="LoginValidations" duration-ms="6954" started-at="2014-01-13T00:46:42Z" data-provider="LoginTestInput" finished-at="2014-01-13T00:46:49Z">
          <params>
            <param index="0">
              <value>
                <![CDATA[TC1]]>
              </value>
            </param>
            <param index="1">
              <value>
                <![CDATA[tester@test.com]]>
              </value>
            </param>
            <param index="2">
              <value>
                <![CDATA[tester]]>
              </value>
            </param>
            <param index="3">
              <value>
                <![CDATA[t]]>
              </value>
            </param>
            <param index="4">
              <value>
                <![CDATA[Valid login]]>
              </value>
            </param>
          </params>
          <reporter-output>
          </reporter-output>
        </test-method> <!-- LoginValidations -->
        <test-method status="PASS" signature="LoginValidations(java.lang.String, java.lang.String, java.lang.String, java.lang.String, java.lang.String)[pri:0, instance:testsuite.LoginTest@26ef028b]" name="LoginValidations" duration-ms="6891" started-at="2014-01-13T00:46:49Z" data-provider="LoginTestInput" finished-at="2014-01-13T00:46:56Z">
          <params>
            <param index="0">
              <value>
                <![CDATA[TC2]]>
              </value>
            </param>
            <param index="1">
              <value>
                <![CDATA[tester@test.com]]>
              </value>
            </param>
            <param index="2">
              <value>
                <![CDATA[incorrect]]>
              </value>
            </param>
            <param index="3">
              <value>
                <![CDATA[f]]>
              </value>
            </param>
            <param index="4">
              <value>
                <![CDATA[Invalid password]]>
              </value>
            </param>
          </params>
          <reporter-output>
          </reporter-output>
        </test-method> <!-- LoginValidations -->
        <test-method status="PASS" signature="LoginValidations(java.lang.String, java.lang.String, java.lang.String, java.lang.String, java.lang.String)[pri:0, instance:testsuite.LoginTest@26ef028b]" name="LoginValidations" duration-ms="6667" started-at="2014-01-13T00:46:56Z" data-provider="LoginTestInput" finished-at="2014-01-13T00:47:03Z">
          <params>
            <param index="0">
              <value>
                <![CDATA[TC3]]>
              </value>
            </param>
            <param index="1">
              <value>
                <![CDATA[incorrect@test.com]]>
              </value>
            </param>
            <param index="2">
              <value>
                <![CDATA[tester]]>
              </value>
            </param>
            <param index="3">
              <value>
                <![CDATA[f]]>
              </value>
            </param>
            <param index="4">
              <value>
                <![CDATA[Invalid user]]>
              </value>
            </param>
          </params>
          <reporter-output>
          </reporter-output>
        </test-method> <!-- LoginValidations -->
        <test-method status="PASS" signature="LoginValidations(java.lang.String, java.lang.String, java.lang.String, java.lang.String, java.lang.String)[pri:0, instance:testsuite.LoginTest@26ef028b]" name="LoginValidations" duration-ms="6779" started-at="2014-01-13T00:47:03Z" data-provider="LoginTestInput" finished-at="2014-01-13T00:47:10Z">
          <params>
            <param index="0">
              <value>
                <![CDATA[TC4]]>
              </value>
            </param>
            <param index="1">
              <value>
                <![CDATA[tester@test.com]]>
              </value>
            </param>
            <param index="2">
              <value>
                <![CDATA[]]>
              </value>
            </param>
            <param index="3">
              <value>
                <![CDATA[fp]]>
              </value>
            </param>
            <param index="4">
              <value>
                <![CDATA[Empty password]]>
              </value>
            </param>
          </params>
          <reporter-output>
          </reporter-output>
        </test-method> <!-- LoginValidations -->
        <test-method status="PASS" signature="LoginValidations(java.lang.String, java.lang.String, java.lang.String, java.lang.String, java.lang.String)[pri:0, instance:testsuite.LoginTest@26ef028b]" name="LoginValidations" duration-ms="6569" started-at="2014-01-13T00:47:10Z" data-provider="LoginTestInput" finished-at="2014-01-13T00:47:16Z">
          <params>
            <param index="0">
              <value>
                <![CDATA[TC5]]>
              </value>
            </param>
            <param index="1">
              <value>
                <![CDATA[]]>
              </value>
            </param>
            <param index="2">
              <value>
                <![CDATA[tester]]>
              </value>
            </param>
            <param index="3">
              <value>
                <![CDATA[fe]]>
              </value>
            </param>
            <param index="4">
              <value>
                <![CDATA[Empty user]]>
              </value>
            </param>
          </params>
          <reporter-output>
          </reporter-output>
        </test-method> <!-- LoginValidations -->
      </class> <!-- testsuite.LoginTest -->
    </test> <!-- Default test -->
  </suite> <!-- Default suite -->
</testng-results>
